#
# A fatal error has been detected by the Java Runtime Environment:
#
#  EXCEPTION_ACCESS_VIOLATION (0xc0000005) at pc=0x000007feeff8862d, pid=3256, tid=3152
#
# JRE version: Java(TM) SE Runtime Environment (8.0_74-b02) (build 1.8.0_74-b02)
# Java VM: Java HotSpot(TM) 64-Bit Server VM (25.74-b02 mixed mode windows-amd64 compressed oops)
# Problematic frame:
# C  [lwjgl_opengl.dll+0x862d]
#
# Failed to write core dump. Minidumps are not enabled by default on client versions of Windows
#
# If you would like to submit a bug report, please visit:
#   http://bugreport.java.com/bugreport/crash.jsp
# The crash happened outside the Java Virtual Machine in native code.
# See problematic frame for where to report the bug.
#

---------------  T H R E A D  ---------------

Current thread (0x00000000020ff000):  JavaThread "main" [_thread_in_native, id=3152, stack(0x0000000002460000,0x0000000002560000)]

siginfo: ExceptionCode=0xc0000005, reading address 0x0000000000000f18

Registers:
RAX=0x000000006fbe6d40, RBX=0x0000000056f6a6e8, RCX=0x0000000000000001, RDX=0x0000000059cebf8c
RSP=0x000000000255f268, RBP=0x000000000255f2e8, RSI=0x0000000056b30480, RDI=0x0000000002837880
R8 =0x0000000000000001, R9 =0x0000000059cebf8c, R10=0x0000000000000000, R11=0x000000006f6796f0
R12=0x0000000000000000, R13=0x0000000056f6a6e8, R14=0x000000000255f318, R15=0x00000000020ff000
RIP=0x000007feeff8862d, EFLAGS=0x0000000000010206

Top of Stack: (sp=0x000000000255f268)
0x000000000255f268:   000000000284dfac 000000000255f2e8
0x000000000255f278:   000000000284db77 00000000020ff000
0x000000000255f288:   0000000056f6a6e8 0000000002837880
0x000000000255f298:   00000000020ff000 000000000284db31
0x000000000255f2a8:   000000000255f2a8 0000000056f6a6e8
0x000000000255f2b8:   000000000255f318 0000000056f73378
0x000000000255f2c8:   0000000000000000 0000000056f6a6e8
0x000000000255f2d8:   0000000000000000 000000000255f308
0x000000000255f2e8:   000000000255f360 0000000002837d61
0x000000000255f2f8:   00000000d644e550 00000000028442d8
0x000000000255f308:   0000000059cebf8c 00000000d66c94f8
0x000000000255f318:   0000000000000001 000000000255f320
0x000000000255f328:   0000000056f6a83c 000000000255f390
0x000000000255f338:   0000000056f73378 0000000000000000
0x000000000255f348:   0000000056f6a8a0 000000000255f308
0x000000000255f358:   000000000255f398 000000000255f3e0 

Instructions: (pc=0x000007feeff8862d)
0x000007feeff8860d:   49 ff a2 f0 09 00 00 cc cc cc cc cc cc cc cc cc
0x000007feeff8861d:   cc cc cc 48 8b 01 49 8b d1 41 8b c8 4c 8b 50 18
0x000007feeff8862d:   49 ff a2 18 0f 00 00 cc cc cc cc cc cc cc cc cc
0x000007feeff8863d:   cc cc cc 48 8b 01 48 8b 48 18 48 8b 81 c0 1b 00 


Register to memory mapping:

RAX=0x000000006fbe6d40 is an unknown value
RBX={method} {0x0000000056f6a6f0} 'nglGenVertexArrays' '(IJ)V' in 'org/lwjgl/opengl/GL30'
RCX=0x0000000000000001 is an unknown value
RDX=0x0000000059cebf8c is an unknown value
RSP=0x000000000255f268 is pointing into the stack for thread: 0x00000000020ff000
RBP=0x000000000255f2e8 is pointing into the stack for thread: 0x00000000020ff000
RSI={method} {0x0000000056b30488} '<init>' '()V' in 'java/lang/Object'
RDI=0x0000000002837880 is at code_begin+832 in an Interpreter codelet
invoke return entry points  [0x0000000002837540, 0x0000000002837e40]  2304 bytes
R8 =0x0000000000000001 is an unknown value
R9 =0x0000000059cebf8c is an unknown value
R10=0x0000000000000000 is an unknown value
R11=0x000000006f6796f0 is an unknown value
R12=0x0000000000000000 is an unknown value
R13={method} {0x0000000056f6a6f0} 'nglGenVertexArrays' '(IJ)V' in 'org/lwjgl/opengl/GL30'
R14=0x000000000255f318 is pointing into the stack for thread: 0x00000000020ff000
R15=0x00000000020ff000 is a thread


Stack: [0x0000000002460000,0x0000000002560000],  sp=0x000000000255f268,  free space=1020k
Native frames: (J=compiled Java code, j=interpreted, Vv=VM code, C=native code)
C  [lwjgl_opengl.dll+0x862d]

Java frames: (J=compiled Java code, j=interpreted, Vv=VM code)
j  org.lwjgl.opengl.GL30.nglGenVertexArrays(IJ)V+0
j  org.lwjgl.opengl.GL30.glGenVertexArrays()I+20
j  org.engine.graph.Mesh.<init>([F[F[F[I[I[F)V+41
j  org.engine.graph.Mesh.<init>([F[F[F[I)V+26
j  org.engine.loaders.obj.OBJLoader.reorderLists(Ljava/util/List;Ljava/util/List;Ljava/util/List;Ljava/util/List;I)Lorg/engine/graph/Mesh;+256
j  org.engine.loaders.obj.OBJLoader.loadMesh(Ljava/lang/String;I)Lorg/engine/graph/Mesh;+394
j  mirajichronicles.Test.main([Ljava/lang/String;)V+3
v  ~StubRoutines::call_stub

---------------  P R O C E S S  ---------------

Java Threads: ( => current thread )
  0x0000000058a14000 JavaThread "Service Thread" daemon [_thread_blocked, id=6536, stack(0x0000000059a90000,0x0000000059b90000)]
  0x00000000589b4000 JavaThread "C1 CompilerThread2" daemon [_thread_blocked, id=3716, stack(0x0000000059450000,0x0000000059550000)]
  0x00000000589b1000 JavaThread "C2 CompilerThread1" daemon [_thread_blocked, id=6708, stack(0x00000000597a0000,0x00000000598a0000)]
  0x00000000589ae000 JavaThread "C2 CompilerThread0" daemon [_thread_blocked, id=7664, stack(0x0000000059630000,0x0000000059730000)]
  0x000000005899e800 JavaThread "JDWP Command Reader" daemon [_thread_in_native, id=1936, stack(0x0000000058e00000,0x0000000058f00000)]
  0x000000005899d000 JavaThread "JDWP Event Helper Thread" daemon [_thread_blocked, id=5084, stack(0x0000000059350000,0x0000000059450000)]
  0x000000005899c000 JavaThread "JDWP Transport Listener: dt_shmem" daemon [_thread_blocked, id=968, stack(0x0000000059240000,0x0000000059340000)]
  0x0000000058990800 JavaThread "Attach Listener" daemon [_thread_blocked, id=6908, stack(0x0000000059110000,0x0000000059210000)]
  0x0000000057526000 JavaThread "Signal Dispatcher" daemon [_thread_blocked, id=5056, stack(0x0000000058f50000,0x0000000059050000)]
  0x000000005750b000 JavaThread "Finalizer" daemon [_thread_blocked, id=2728, stack(0x0000000058890000,0x0000000058990000)]
  0x00000000574c4000 JavaThread "Reference Handler" daemon [_thread_blocked, id=1108, stack(0x00000000586e0000,0x00000000587e0000)]
=>0x00000000020ff000 JavaThread "main" [_thread_in_native, id=3152, stack(0x0000000002460000,0x0000000002560000)]

Other Threads:
  0x00000000574bc800 VMThread [stack: 0x0000000058580000,0x0000000058680000] [id=4724]
  0x0000000058a4e000 WatcherThread [stack: 0x0000000059990000,0x0000000059a90000] [id=6896]

VM state:not at safepoint (normal execution)

VM Mutex/Monitor currently owned by a thread: None

Heap:
 PSYoungGen      total 38400K, used 8004K [0x00000000d5f80000, 0x00000000d8a00000, 0x0000000100000000)
  eden space 33280K, 24% used [0x00000000d5f80000,0x00000000d67513b8,0x00000000d8000000)
  from space 5120K, 0% used [0x00000000d8500000,0x00000000d8500000,0x00000000d8a00000)
  to   space 5120K, 0% used [0x00000000d8000000,0x00000000d8000000,0x00000000d8500000)
 ParOldGen       total 87552K, used 0K [0x0000000081e00000, 0x0000000087380000, 0x00000000d5f80000)
  object space 87552K, 0% used [0x0000000081e00000,0x0000000081e00000,0x0000000087380000)
 Metaspace       used 5912K, capacity 6144K, committed 6400K, reserved 1056768K
  class space    used 660K, capacity 706K, committed 768K, reserved 1048576K

Card table byte_map: [0x0000000011bf0000,0x0000000011ff0000] byte_map_base: 0x00000000117e1000

Marking Bits: (ParMarkBitMap*) 0x000000006fc60600
 Begin Bits: [0x0000000012820000, 0x00000000147a8000)
 End Bits:   [0x00000000147a8000, 0x0000000016730000)

Polling page: 0x0000000000130000

CodeCache: size=245760Kb used=1705Kb max_used=1716Kb free=244054Kb
 bounds [0x0000000002830000, 0x0000000002aa0000, 0x0000000011830000]
 total_blobs=610 nmethods=282 adapters=249
 compilation: enabled

Compilation events (10 events):
Event: 0.203 Thread 0x00000000589b4000  257       1       java.lang.invoke.LambdaForm::arity (5 bytes)
Event: 0.203 Thread 0x00000000589b4000 nmethod 257 0x00000000029cef10 code [0x00000000029cf060, 0x00000000029cf170]
Event: 0.203 Thread 0x00000000589b4000  277       3       java.lang.invoke.MethodType$ConcurrentWeakInternSet::get (54 bytes)
Event: 0.203 Thread 0x00000000589b4000 nmethod 277 0x00000000029cd650 code [0x00000000029cd880, 0x00000000029ce558]
Event: 0.203 Thread 0x00000000589b4000  278       3       jdk.internal.org.objectweb.asm.ByteVector::putInt (74 bytes)
Event: 0.203 Thread 0x00000000589b4000 nmethod 278 0x00000000029d0e10 code [0x00000000029d0f80, 0x00000000029d1228]
Event: 0.203 Thread 0x00000000589b4000  279       3       jdk.internal.org.objectweb.asm.ByteVector::enlarge (51 bytes)
Event: 0.203 Thread 0x00000000589b4000 nmethod 279 0x00000000029d13d0 code [0x00000000029d1540, 0x00000000029d1868]
Event: 63.146 Thread 0x00000000589ae000  282       4       java.lang.AbstractStringBuilder::ensureCapacityInternal (16 bytes)
Event: 63.148 Thread 0x00000000589ae000 nmethod 282 0x00000000029dd350 code [0x00000000029dd4a0, 0x00000000029dd6d8]

GC Heap History (0 events):
No events

Deoptimization events (1 events):
Event: 0.121 Thread 0x00000000020ff000 Uncommon trap: reason=unstable_if action=reinterpret pc=0x000000000294332c method=java.lang.String.hashCode()I @ 14

Internal exceptions (10 events):
Event: 0.189 Thread 0x00000000020ff000 Exception <a 'java/lang/NoSuchFieldError': method resolution failed> (0x00000000d63969a8) thrown at [C:\re\workspace\8-2-build-windows-amd64-cygwin\jdk8u74\6087\hotspot\src\share\vm\prims\methodHandles.cpp, line 1146]
Event: 0.191 Thread 0x00000000020ff000 Exception <a 'java/lang/NoSuchFieldError': method resolution failed> (0x00000000d63a3da8) thrown at [C:\re\workspace\8-2-build-windows-amd64-cygwin\jdk8u74\6087\hotspot\src\share\vm\prims\methodHandles.cpp, line 1146]
Event: 3.130 Thread 0x00000000020ff000 Exception <a 'sun/nio/fs/WindowsException'> (0x00000000d66033c0) thrown at [C:\re\workspace\8-2-build-windows-amd64-cygwin\jdk8u74\6087\hotspot\src\share\vm\prims\jni.cpp, line 709]
Event: 3.130 Thread 0x00000000020ff000 Exception <a 'sun/nio/fs/WindowsException'> (0x00000000d6603be0) thrown at [C:\re\workspace\8-2-build-windows-amd64-cygwin\jdk8u74\6087\hotspot\src\share\vm\prims\jni.cpp, line 709]
Event: 3.131 Thread 0x00000000020ff000 Exception <a 'sun/nio/fs/WindowsException'> (0x00000000d66047c8) thrown at [C:\re\workspace\8-2-build-windows-amd64-cygwin\jdk8u74\6087\hotspot\src\share\vm\prims\jni.cpp, line 709]
Event: 3.132 Thread 0x00000000020ff000 Exception <a 'sun/nio/fs/WindowsException'> (0x00000000d6604d18) thrown at [C:\re\workspace\8-2-build-windows-amd64-cygwin\jdk8u74\6087\hotspot\src\share\vm\prims\jni.cpp, line 709]
Event: 3.139 Thread 0x00000000020ff000 Exception <a 'sun/nio/fs/WindowsException'> (0x00000000d6607378) thrown at [C:\re\workspace\8-2-build-windows-amd64-cygwin\jdk8u74\6087\hotspot\src\share\vm\prims\jni.cpp, line 709]
Event: 3.140 Thread 0x00000000020ff000 Exception <a 'sun/nio/fs/WindowsException'> (0x00000000d6607890) thrown at [C:\re\workspace\8-2-build-windows-amd64-cygwin\jdk8u74\6087\hotspot\src\share\vm\prims\jni.cpp, line 709]
Event: 3.140 Thread 0x00000000020ff000 Exception <a 'sun/nio/fs/WindowsException'> (0x00000000d6608268) thrown at [C:\re\workspace\8-2-build-windows-amd64-cygwin\jdk8u74\6087\hotspot\src\share\vm\prims\jni.cpp, line 709]
Event: 3.140 Thread 0x00000000020ff000 Exception <a 'sun/nio/fs/WindowsException'> (0x00000000d66086f8) thrown at [C:\re\workspace\8-2-build-windows-amd64-cygwin\jdk8u74\6087\hotspot\src\share\vm\prims\jni.cpp, line 709]

Events (10 events):
Event: 81.850 Executing VM operation: ChangeSingleStep
Event: 81.850 Executing VM operation: ChangeSingleStep done
Event: 81.850 Executing VM operation: ChangeSingleStep
Event: 81.850 Executing VM operation: ChangeSingleStep done
Event: 81.851 Executing VM operation: EnterInterpOnlyMode
Event: 81.851 Executing VM operation: EnterInterpOnlyMode done
Event: 81.852 Executing VM operation: GetCurrentLocation
Event: 81.852 Executing VM operation: GetCurrentLocation done
Event: 81.852 Executing VM operation: ChangeSingleStep
Event: 81.852 Executing VM operation: ChangeSingleStep done


Dynamic libraries:
0x000000013f430000 - 0x000000013f467000 	C:\Program Files\Java\jdk1.8.0_74\bin\java.exe
0x0000000077c00000 - 0x0000000077da9000 	C:\Windows\SYSTEM32\ntdll.dll
0x0000000077ae0000 - 0x0000000077bff000 	C:\Windows\system32\kernel32.dll
0x000007fefda00000 - 0x000007fefda6c000 	C:\Windows\system32\KERNELBASE.dll
0x000007feff170000 - 0x000007feff24b000 	C:\Windows\system32\ADVAPI32.dll
0x000007fefde70000 - 0x000007fefdf0f000 	C:\Windows\system32\msvcrt.dll
0x000007feffdb0000 - 0x000007feffdcf000 	C:\Windows\SYSTEM32\sechost.dll
0x000007feffdd0000 - 0x000007feffefd000 	C:\Windows\system32\RPCRT4.dll
0x00000000779e0000 - 0x0000000077ada000 	C:\Windows\system32\USER32.dll
0x000007fefdf10000 - 0x000007fefdf77000 	C:\Windows\system32\GDI32.dll
0x000007fefff00000 - 0x000007fefff0e000 	C:\Windows\system32\LPK.dll
0x000007fefef10000 - 0x000007fefefda000 	C:\Windows\system32\USP10.dll
0x000007fefc3e0000 - 0x000007fefc5d4000 	C:\Windows\WinSxS\amd64_microsoft.windows.common-controls_6595b64144ccf1df_6.0.7601.18837_none_fa3b1e3d17594757\COMCTL32.dll
0x000007feff250000 - 0x000007feff2c1000 	C:\Windows\system32\SHLWAPI.dll
0x000007fefe0b0000 - 0x000007fefe0de000 	C:\Windows\system32\IMM32.DLL
0x000007fefdd60000 - 0x000007fefde69000 	C:\Windows\system32\MSCTF.dll
0x0000000078dd0000 - 0x0000000078ea2000 	C:\Program Files\Java\jdk1.8.0_74\jre\bin\msvcr100.dll
0x000000006f450000 - 0x000000006fce0000 	C:\Program Files\Java\jdk1.8.0_74\jre\bin\server\jvm.dll
0x000007feeee50000 - 0x000007feeee59000 	C:\Windows\system32\WSOCK32.dll
0x000007fefe060000 - 0x000007fefe0ad000 	C:\Windows\system32\WS2_32.dll
0x000007feff2d0000 - 0x000007feff2d8000 	C:\Windows\system32\NSI.dll
0x000007fefa980000 - 0x000007fefa9bb000 	C:\Windows\system32\WINMM.dll
0x000007fefca70000 - 0x000007fefca7c000 	C:\Windows\system32\VERSION.dll
0x0000000077dd0000 - 0x0000000077dd7000 	C:\Windows\system32\PSAPI.DLL
0x00000000738a0000 - 0x00000000738af000 	C:\Program Files\Java\jdk1.8.0_74\jre\bin\verify.dll
0x0000000067650000 - 0x0000000067679000 	C:\Program Files\Java\jdk1.8.0_74\jre\bin\java.dll
0x0000000068ee0000 - 0x0000000068f15000 	C:\Program Files\Java\jdk1.8.0_74\jre\bin\jdwp.dll
0x000000006a130000 - 0x000000006a138000 	C:\Program Files\Java\jdk1.8.0_74\jre\bin\npt.dll
0x00000000714f0000 - 0x0000000071506000 	C:\Program Files\Java\jdk1.8.0_74\jre\bin\zip.dll
0x000007fefe180000 - 0x000007fefef09000 	C:\Windows\system32\SHELL32.dll
0x000007feff2e0000 - 0x000007feff4e3000 	C:\Windows\system32\ole32.dll
0x000007fefd9b0000 - 0x000007fefd9bf000 	C:\Windows\system32\profapi.dll
0x00000000705e0000 - 0x00000000705eb000 	C:\Program Files\Java\jdk1.8.0_74\jre\bin\dt_shmem.dll
0x0000000069430000 - 0x000000006944a000 	C:\Program Files\Java\jdk1.8.0_74\jre\bin\net.dll
0x000007fefd230000 - 0x000007fefd285000 	C:\Windows\system32\mswsock.dll
0x000007fefd220000 - 0x000007fefd227000 	C:\Windows\System32\wship6.dll
0x000000005c280000 - 0x000000005c291000 	C:\Program Files\Java\jdk1.8.0_74\jre\bin\nio.dll
0x000007feeff20000 - 0x000007feeff77000 	C:\Users\Ajikozau\AppData\Local\Temp\lwjglAjikozau\3.1.1-build-16\lwjgl.dll
0x000007fef9920000 - 0x000007fef9923000 	C:\Windows\system32\api-ms-win-core-synch-l1-2-0.DLL
0x000007feeff80000 - 0x000007feeffdf000 	C:\Users\Ajikozau\AppData\Local\Temp\lwjglAjikozau\3.1.1-build-16\lwjgl_opengl.dll
0x000007fee3e10000 - 0x000007fee3f2d000 	C:\Windows\system32\opengl32.dll
0x000007fee70a0000 - 0x000007fee70cd000 	C:\Windows\system32\GLU32.dll
0x000007fee3d10000 - 0x000007fee3e01000 	C:\Windows\system32\DDRAW.dll
0x000007fef02d0000 - 0x000007fef02d8000 	C:\Windows\system32\DCIMAN32.dll
0x000007feff550000 - 0x000007feff727000 	C:\Windows\system32\SETUPAPI.dll
0x000007fefd9c0000 - 0x000007fefd9f6000 	C:\Windows\system32\CFGMGR32.dll
0x000007fefdf80000 - 0x000007fefe057000 	C:\Windows\system32\OLEAUT32.dll
0x000007fefdad0000 - 0x000007fefdaea000 	C:\Windows\system32\DEVOBJ.dll
0x000007fefbb60000 - 0x000007fefbb78000 	C:\Windows\system32\dwmapi.dll
0x000007fef8f60000 - 0x000007fef9085000 	C:\Windows\system32\dbghelp.dll

VM Arguments:
jvm_args: -Xdebug -Xrunjdwp:transport=dt_shmem,address=javadebug -Dfile.encoding=UTF-8 -Dorg.lwjgl.librarypath=D:\JavaProjects\lwjgl-release-3.1.1-custom 
java_command: mirajichronicles.Test
java_class_path (initial): D:\JavaProjects\lwjgl-release-3.1.1-custom\lwjgl-assimp.jar;D:\JavaProjects\lwjgl-release-3.1.1-custom\lwjgl-bgfx.jar;D:\JavaProjects\lwjgl-release-3.1.1-custom\lwjgl-egl.jar;D:\JavaProjects\lwjgl-release-3.1.1-custom\lwjgl-glfw.jar;D:\JavaProjects\lwjgl-release-3.1.1-custom\lwjgl-jawt.jar;D:\JavaProjects\lwjgl-release-3.1.1-custom\lwjgl-jemalloc.jar;D:\JavaProjects\lwjgl-release-3.1.1-custom\lwjgl-lmdb.jar;D:\JavaProjects\lwjgl-release-3.1.1-custom\lwjgl-nanovg.jar;D:\JavaProjects\lwjgl-release-3.1.1-custom\lwjgl-nfd.jar;D:\JavaProjects\lwjgl-release-3.1.1-custom\lwjgl-nuklear.jar;D:\JavaProjects\lwjgl-release-3.1.1-custom\lwjgl-openal.jar;D:\JavaProjects\lwjgl-release-3.1.1-custom\lwjgl-opencl.jar;D:\JavaProjects\lwjgl-release-3.1.1-custom\lwjgl-opengl.jar;D:\JavaProjects\lwjgl-release-3.1.1-custom\lwjgl-opengles.jar;D:\JavaProjects\lwjgl-release-3.1.1-custom\lwjgl-ovr.jar;D:\JavaProjects\lwjgl-release-3.1.1-custom\lwjgl-par.jar;D:\JavaProjects\lwjgl-release-3.1.1-custom\lwjgl-sse.jar;D:\JavaProjects\lwjgl-release-3.1.1-custom\lwjgl-stb.jar;D:\JavaProjects\lwjgl-release-3.1.1-custom\lwjgl-tinyfd.jar;D:\JavaProjects\lwjgl-release-3.1.1-custom\lwjgl-vulkan.jar;D:\JavaProjects\lwjgl-release-3.1.1-custom\lwjgl-xxhash.jar;D:\JavaProjects\lwjgl-release-3.1.1-custom\lwjgl.jar;D:\JavaProjects\Libraries\LWJGL natives\lwjgl-assimp-natives-windows.jar;D:\JavaProjects\Libraries\LWJGL natives\lwjgl-bgfx-natives-windows.jar;D:\JavaProjects\Libraries\LWJGL natives\lwjgl-glfw-natives-windows.jar;D:\JavaProjects\Libraries\LWJGL natives\lwjgl-jemalloc-natives-windows.jar;D:\JavaProjects\Libraries\LWJGL natives\lwjgl-lmdb-natives-windows.jar;D:\JavaProjects\Libraries\LWJGL natives\lwjgl-nanovg-natives-windows.jar;D:\JavaProjects\Libraries\LWJGL natives\lwjgl-natives-windows.jar;D:\JavaProjects\Libraries\LWJGL natives\lwjgl-nfd-natives-windows.jar;D:\JavaProjects\Libraries\LWJGL natives\lwjgl-nuklear-natives-windows.jar;D:\JavaProjects\Libraries\LWJGL nat
Launcher Type: SUN_STANDARD

Environment Variables:
JAVA_HOME=C:\Program Files\Java\jdk1.8.0_74
PATH=C:\Program Files\Common Files\Microsoft Shared\Windows Live;C:\Python27\;C:\Python27\Scripts;C:\ProgramData\Oracle\Java\javapath;C:\Program Files (x86)\Intel\iCLS Client\;C:\Program Files\Intel\iCLS Client\;C:\Windows\system32;C:\Windows;C:\Windows\System32\Wbem;C:\Windows\System32\WindowsPowerShell\v1.0\;C:\Program Files (x86)\NVIDIA Corporation\PhysX\Common;C:\Program Files\Intel\Intel(R) Management Engine Components\DAL;C:\Program Files\Intel\Intel(R) Management Engine Components\IPT;C:\Program Files (x86)\Intel\Intel(R) Management Engine Components\DAL;C:\Program Files (x86)\Intel\Intel(R) Management Engine Components\IPT;C:\Program Files (x86)\Skype\Phone\;C:\Program Files (x86)\Calibre2\;C:\Program Files (x86)\Intel\OpenCL SDK\2.0\bin\x86;C:\Program Files (x86)\Intel\OpenCL SDK\2.0\bin\x64;C:\Windows\system32\config\systemprofile\.dnx\bin;C:\Program Files\Microsoft DNX\Dnvm\;C:\Program Files (x86)\Windows Kits\8.1\Windows Performance Toolkit\;C:\Program Files\Microsoft SQL Server\120\Tools\Binn\;C:\Program Files\Microsoft SQL Server\130\Tools\Binn\;C:\Program Files\CMake\bin;C:\Program Files\Git\cmd;E:\Program Files\IBM\SPSS\Statistics\24\JRE\bin;C:\Program Files\Common Files\Microsoft Shared\Windows Live
USERNAME=Ajikozau
OS=Windows_NT
PROCESSOR_IDENTIFIER=Intel64 Family 6 Model 58 Stepping 9, GenuineIntel



---------------  S Y S T E M  ---------------

OS: Windows 7 , 64 bit Build 7601 (6.1.7601.19110)

CPU:total 4 (4 cores per cpu, 1 threads per core) family 6 model 58 stepping 9, cmov, cx8, fxsr, mmx, sse, sse2, sse3, ssse3, sse4.1, sse4.2, popcnt, avx, aes, clmul, erms, tsc, tscinvbit, tscinv

Memory: 4k page, physical 8261284k(3637176k free), swap 16520732k(10757980k free)

vm_info: Java HotSpot(TM) 64-Bit Server VM (25.74-b02) for windows-amd64 JRE (1.8.0_74-b02), built on Jan 29 2016 17:42:36 by "java_re" with MS VC++ 10.0 (VS2010)

time: Mon Feb 20 21:28:15 2017
elapsed time: 81 seconds (0d 0h 1m 21s)

